[2022-02-06 18:32:59,079] {taskinstance.py:1032} INFO - Dependencies all met for <TaskInstance: fhv_data_dag.format_fhv_to_parquet_task scheduled__2019-09-02T06:00:00+00:00 [queued]>
[2022-02-06 18:32:59,104] {taskinstance.py:1032} INFO - Dependencies all met for <TaskInstance: fhv_data_dag.format_fhv_to_parquet_task scheduled__2019-09-02T06:00:00+00:00 [queued]>
[2022-02-06 18:32:59,105] {taskinstance.py:1238} INFO - 
--------------------------------------------------------------------------------
[2022-02-06 18:32:59,107] {taskinstance.py:1239} INFO - Starting attempt 4 of 5
[2022-02-06 18:32:59,107] {taskinstance.py:1240} INFO - 
--------------------------------------------------------------------------------
[2022-02-06 18:32:59,143] {taskinstance.py:1259} INFO - Executing <Task(PythonOperator): format_fhv_to_parquet_task> on 2019-09-02 06:00:00+00:00
[2022-02-06 18:32:59,154] {standard_task_runner.py:52} INFO - Started process 2405 to run task
[2022-02-06 18:32:59,163] {standard_task_runner.py:76} INFO - Running: ['***', 'tasks', 'run', 'fhv_data_dag', 'format_fhv_to_parquet_task', 'scheduled__2019-09-02T06:00:00+00:00', '--job-id', '268', '--raw', '--subdir', 'DAGS_FOLDER/fhv_data_dag.py', '--cfg-path', '/tmp/tmp6anyjmoc', '--error-file', '/tmp/tmpu69f3pej']
[2022-02-06 18:32:59,166] {standard_task_runner.py:77} INFO - Job 268: Subtask format_fhv_to_parquet_task
[2022-02-06 18:32:59,320] {logging_mixin.py:109} INFO - Running <TaskInstance: fhv_data_dag.format_fhv_to_parquet_task scheduled__2019-09-02T06:00:00+00:00 [running]> on host c0c5e0341789
[2022-02-06 18:32:59,391] {warnings.py:110} WARNING - /home/***/.local/lib/python3.7/site-packages/***/utils/context.py:152: AirflowContextDeprecationWarning: Accessing 'execution_date' from the template is deprecated and will be removed in a future version. Please use 'data_interval_start' or 'logical_date' instead.
  warnings.warn(_create_deprecation_warning(key, self._deprecation_replacements[key]))

[2022-02-06 18:32:59,427] {taskinstance.py:1426} INFO - Exporting the following env vars:
AIRFLOW_CTX_DAG_OWNER=***
AIRFLOW_CTX_DAG_ID=fhv_data_dag
AIRFLOW_CTX_TASK_ID=format_fhv_to_parquet_task
AIRFLOW_CTX_EXECUTION_DATE=2019-09-02T06:00:00+00:00
AIRFLOW_CTX_DAG_RUN_ID=scheduled__2019-09-02T06:00:00+00:00
[2022-02-06 18:33:00,323] {python.py:175} INFO - Done. Returned value was: None
[2022-02-06 18:33:00,344] {taskinstance.py:1277} INFO - Marking task as SUCCESS. dag_id=fhv_data_dag, task_id=format_fhv_to_parquet_task, execution_date=20190902T060000, start_date=20220206T183259, end_date=20220206T183300
[2022-02-06 18:33:00,416] {local_task_job.py:154} INFO - Task exited with return code 0
[2022-02-06 18:33:00,500] {local_task_job.py:264} INFO - 1 downstream tasks scheduled from follow-on schedule check
