[2022-02-06 17:49:09,327] {taskinstance.py:1032} INFO - Dependencies all met for <TaskInstance: zones_data_dag.upload_zones_to_gcs manual__2022-02-06T17:48:56.786671+00:00 [queued]>
[2022-02-06 17:49:09,348] {taskinstance.py:1032} INFO - Dependencies all met for <TaskInstance: zones_data_dag.upload_zones_to_gcs manual__2022-02-06T17:48:56.786671+00:00 [queued]>
[2022-02-06 17:49:09,349] {taskinstance.py:1238} INFO - 
--------------------------------------------------------------------------------
[2022-02-06 17:49:09,350] {taskinstance.py:1239} INFO - Starting attempt 1 of 2
[2022-02-06 17:49:09,350] {taskinstance.py:1240} INFO - 
--------------------------------------------------------------------------------
[2022-02-06 17:49:09,380] {taskinstance.py:1259} INFO - Executing <Task(PythonOperator): upload_zones_to_gcs> on 2022-02-06 17:48:56.786671+00:00
[2022-02-06 17:49:09,389] {standard_task_runner.py:52} INFO - Started process 771 to run task
[2022-02-06 17:49:09,395] {standard_task_runner.py:76} INFO - Running: ['***', 'tasks', 'run', 'zones_data_dag', 'upload_zones_to_gcs', 'manual__2022-02-06T17:48:56.786671+00:00', '--job-id', '262', '--raw', '--subdir', 'DAGS_FOLDER/zones_data_dag.py', '--cfg-path', '/tmp/tmp89xt1cpb', '--error-file', '/tmp/tmpxffvnvqr']
[2022-02-06 17:49:09,397] {standard_task_runner.py:77} INFO - Job 262: Subtask upload_zones_to_gcs
[2022-02-06 17:49:09,505] {logging_mixin.py:109} INFO - Running <TaskInstance: zones_data_dag.upload_zones_to_gcs manual__2022-02-06T17:48:56.786671+00:00 [running]> on host c0c5e0341789
[2022-02-06 17:49:09,643] {taskinstance.py:1426} INFO - Exporting the following env vars:
AIRFLOW_CTX_DAG_OWNER=***
AIRFLOW_CTX_DAG_ID=zones_data_dag
AIRFLOW_CTX_TASK_ID=upload_zones_to_gcs
AIRFLOW_CTX_EXECUTION_DATE=2022-02-06T17:48:56.786671+00:00
AIRFLOW_CTX_DAG_RUN_ID=manual__2022-02-06T17:48:56.786671+00:00
[2022-02-06 17:49:10,924] {python.py:175} INFO - Done. Returned value was: None
[2022-02-06 17:49:10,948] {taskinstance.py:1277} INFO - Marking task as SUCCESS. dag_id=zones_data_dag, task_id=upload_zones_to_gcs, execution_date=20220206T174856, start_date=20220206T174909, end_date=20220206T174910
[2022-02-06 17:49:11,014] {local_task_job.py:154} INFO - Task exited with return code 0
[2022-02-06 17:49:11,125] {local_task_job.py:264} INFO - 1 downstream tasks scheduled from follow-on schedule check
