[2022-02-06 17:49:12,943] {taskinstance.py:1032} INFO - Dependencies all met for <TaskInstance: zones_data_dag.bigquery_external_table_task manual__2022-02-06T17:48:56.786671+00:00 [queued]>
[2022-02-06 17:49:12,964] {taskinstance.py:1032} INFO - Dependencies all met for <TaskInstance: zones_data_dag.bigquery_external_table_task manual__2022-02-06T17:48:56.786671+00:00 [queued]>
[2022-02-06 17:49:12,965] {taskinstance.py:1238} INFO - 
--------------------------------------------------------------------------------
[2022-02-06 17:49:12,966] {taskinstance.py:1239} INFO - Starting attempt 1 of 2
[2022-02-06 17:49:12,966] {taskinstance.py:1240} INFO - 
--------------------------------------------------------------------------------
[2022-02-06 17:49:12,994] {taskinstance.py:1259} INFO - Executing <Task(BigQueryCreateExternalTableOperator): bigquery_external_table_task> on 2022-02-06 17:48:56.786671+00:00
[2022-02-06 17:49:13,002] {standard_task_runner.py:52} INFO - Started process 776 to run task
[2022-02-06 17:49:13,008] {standard_task_runner.py:76} INFO - Running: ['***', 'tasks', 'run', 'zones_data_dag', 'bigquery_external_table_task', 'manual__2022-02-06T17:48:56.786671+00:00', '--job-id', '263', '--raw', '--subdir', 'DAGS_FOLDER/zones_data_dag.py', '--cfg-path', '/tmp/tmp9xpemxmq', '--error-file', '/tmp/tmpbw67orw8']
[2022-02-06 17:49:13,010] {standard_task_runner.py:77} INFO - Job 263: Subtask bigquery_external_table_task
[2022-02-06 17:49:13,121] {logging_mixin.py:109} INFO - Running <TaskInstance: zones_data_dag.bigquery_external_table_task manual__2022-02-06T17:48:56.786671+00:00 [running]> on host c0c5e0341789
[2022-02-06 17:49:13,241] {taskinstance.py:1426} INFO - Exporting the following env vars:
AIRFLOW_CTX_DAG_OWNER=***
AIRFLOW_CTX_DAG_ID=zones_data_dag
AIRFLOW_CTX_TASK_ID=bigquery_external_table_task
AIRFLOW_CTX_EXECUTION_DATE=2022-02-06T17:48:56.786671+00:00
AIRFLOW_CTX_DAG_RUN_ID=manual__2022-02-06T17:48:56.786671+00:00
[2022-02-06 17:49:13,244] {crypto.py:82} WARNING - empty cryptography key - values will not be stored encrypted.
[2022-02-06 17:49:15,429] {taskinstance.py:1277} INFO - Marking task as SUCCESS. dag_id=zones_data_dag, task_id=bigquery_external_table_task, execution_date=20220206T174856, start_date=20220206T174912, end_date=20220206T174915
[2022-02-06 17:49:15,512] {local_task_job.py:154} INFO - Task exited with return code 0
[2022-02-06 17:49:15,600] {local_task_job.py:264} INFO - 0 downstream tasks scheduled from follow-on schedule check
