[2022-02-06 18:33:25,993] {taskinstance.py:1032} INFO - Dependencies all met for <TaskInstance: fhv_data_dag.bigquery_fhv_external_table_task scheduled__2019-09-02T06:00:00+00:00 [queued]>
[2022-02-06 18:33:26,026] {taskinstance.py:1032} INFO - Dependencies all met for <TaskInstance: fhv_data_dag.bigquery_fhv_external_table_task scheduled__2019-09-02T06:00:00+00:00 [queued]>
[2022-02-06 18:33:26,027] {taskinstance.py:1238} INFO - 
--------------------------------------------------------------------------------
[2022-02-06 18:33:26,027] {taskinstance.py:1239} INFO - Starting attempt 3 of 4
[2022-02-06 18:33:26,028] {taskinstance.py:1240} INFO - 
--------------------------------------------------------------------------------
[2022-02-06 18:33:26,061] {taskinstance.py:1259} INFO - Executing <Task(BigQueryCreateExternalTableOperator): bigquery_fhv_external_table_task> on 2019-09-02 06:00:00+00:00
[2022-02-06 18:33:26,070] {standard_task_runner.py:52} INFO - Started process 2438 to run task
[2022-02-06 18:33:26,077] {standard_task_runner.py:76} INFO - Running: ['***', 'tasks', 'run', 'fhv_data_dag', 'bigquery_fhv_external_table_task', 'scheduled__2019-09-02T06:00:00+00:00', '--job-id', '270', '--raw', '--subdir', 'DAGS_FOLDER/fhv_data_dag.py', '--cfg-path', '/tmp/tmpc0m3fwdb', '--error-file', '/tmp/tmpza5ymrcs']
[2022-02-06 18:33:26,079] {standard_task_runner.py:77} INFO - Job 270: Subtask bigquery_fhv_external_table_task
[2022-02-06 18:33:26,204] {logging_mixin.py:109} INFO - Running <TaskInstance: fhv_data_dag.bigquery_fhv_external_table_task scheduled__2019-09-02T06:00:00+00:00 [running]> on host c0c5e0341789
[2022-02-06 18:33:26,304] {warnings.py:110} WARNING - /home/***/.local/lib/python3.7/site-packages/***/utils/context.py:152: AirflowContextDeprecationWarning: Accessing 'execution_date' from the template is deprecated and will be removed in a future version. Please use 'data_interval_start' or 'logical_date' instead.
  warnings.warn(_create_deprecation_warning(key, self._deprecation_replacements[key]))

[2022-02-06 18:33:26,343] {taskinstance.py:1426} INFO - Exporting the following env vars:
AIRFLOW_CTX_DAG_OWNER=***
AIRFLOW_CTX_DAG_ID=fhv_data_dag
AIRFLOW_CTX_TASK_ID=bigquery_fhv_external_table_task
AIRFLOW_CTX_EXECUTION_DATE=2019-09-02T06:00:00+00:00
AIRFLOW_CTX_DAG_RUN_ID=scheduled__2019-09-02T06:00:00+00:00
[2022-02-06 18:33:26,345] {crypto.py:82} WARNING - empty cryptography key - values will not be stored encrypted.
[2022-02-06 18:33:29,083] {taskinstance.py:1277} INFO - Marking task as SUCCESS. dag_id=fhv_data_dag, task_id=bigquery_fhv_external_table_task, execution_date=20190902T060000, start_date=20220206T183325, end_date=20220206T183329
[2022-02-06 18:33:29,145] {local_task_job.py:154} INFO - Task exited with return code 0
[2022-02-06 18:33:29,245] {local_task_job.py:264} INFO - 1 downstream tasks scheduled from follow-on schedule check
