[2022-02-06 18:32:13,327] {taskinstance.py:1032} INFO - Dependencies all met for <TaskInstance: fhv_data_dag.download_fhv_dataset_task scheduled__2019-09-02T06:00:00+00:00 [queued]>
[2022-02-06 18:32:13,358] {taskinstance.py:1032} INFO - Dependencies all met for <TaskInstance: fhv_data_dag.download_fhv_dataset_task scheduled__2019-09-02T06:00:00+00:00 [queued]>
[2022-02-06 18:32:13,358] {taskinstance.py:1238} INFO - 
--------------------------------------------------------------------------------
[2022-02-06 18:32:13,359] {taskinstance.py:1239} INFO - Starting attempt 9 of 9
[2022-02-06 18:32:13,359] {taskinstance.py:1240} INFO - 
--------------------------------------------------------------------------------
[2022-02-06 18:32:13,391] {taskinstance.py:1259} INFO - Executing <Task(BashOperator): download_fhv_dataset_task> on 2019-09-02 06:00:00+00:00
[2022-02-06 18:32:13,400] {standard_task_runner.py:52} INFO - Started process 2379 to run task
[2022-02-06 18:32:13,409] {standard_task_runner.py:76} INFO - Running: ['***', 'tasks', 'run', 'fhv_data_dag', 'download_fhv_dataset_task', 'scheduled__2019-09-02T06:00:00+00:00', '--job-id', '267', '--raw', '--subdir', 'DAGS_FOLDER/fhv_data_dag.py', '--cfg-path', '/tmp/tmp3lb6ylmz', '--error-file', '/tmp/tmp8j007jft']
[2022-02-06 18:32:13,411] {standard_task_runner.py:77} INFO - Job 267: Subtask download_fhv_dataset_task
[2022-02-06 18:32:13,509] {logging_mixin.py:109} INFO - Running <TaskInstance: fhv_data_dag.download_fhv_dataset_task scheduled__2019-09-02T06:00:00+00:00 [running]> on host c0c5e0341789
[2022-02-06 18:32:13,609] {warnings.py:110} WARNING - /home/***/.local/lib/python3.7/site-packages/***/utils/context.py:152: AirflowContextDeprecationWarning: Accessing 'execution_date' from the template is deprecated and will be removed in a future version. Please use 'data_interval_start' or 'logical_date' instead.
  warnings.warn(_create_deprecation_warning(key, self._deprecation_replacements[key]))

[2022-02-06 18:32:13,650] {taskinstance.py:1426} INFO - Exporting the following env vars:
AIRFLOW_CTX_DAG_OWNER=***
AIRFLOW_CTX_DAG_ID=fhv_data_dag
AIRFLOW_CTX_TASK_ID=download_fhv_dataset_task
AIRFLOW_CTX_EXECUTION_DATE=2019-09-02T06:00:00+00:00
AIRFLOW_CTX_DAG_RUN_ID=scheduled__2019-09-02T06:00:00+00:00
[2022-02-06 18:32:13,652] {subprocess.py:62} INFO - Tmp dir root location: 
 /tmp
[2022-02-06 18:32:13,653] {subprocess.py:74} INFO - Running command: ['bash', '-c', 'curl -sSLf https://nyc-tlc.s3.amazonaws.com/trip+data/fhv_tripdata_2019-09.csv > /opt/***/fhv_tripdata_2019-09.csv']
[2022-02-06 18:32:13,669] {subprocess.py:85} INFO - Output:
[2022-02-06 18:32:56,869] {subprocess.py:93} INFO - Command exited with return code 0
[2022-02-06 18:32:56,981] {taskinstance.py:1277} INFO - Marking task as SUCCESS. dag_id=fhv_data_dag, task_id=download_fhv_dataset_task, execution_date=20190902T060000, start_date=20220206T183213, end_date=20220206T183256
[2022-02-06 18:32:57,062] {local_task_job.py:154} INFO - Task exited with return code 0
[2022-02-06 18:32:57,225] {local_task_job.py:264} INFO - 1 downstream tasks scheduled from follow-on schedule check
